<?xml version="1.0" encoding="UTF-8"?>
<coverage generated="1617445570633" clover="3.2.0">
  <project timestamp="1617445570633" name="All files">
    <metrics statements="49" coveredstatements="49" conditionals="12" coveredconditionals="12" methods="19" coveredmethods="19" elements="80" coveredelements="80" complexity="0" loc="49" ncloc="49" packages="1" files="1" classes="1"/>
    <file name="index.ts" path="/home/richey/Projects/quando/src/index.ts">
      <metrics statements="49" coveredstatements="49" conditionals="12" coveredconditionals="12" methods="19" coveredmethods="19"/>
      <line num="5" count="31" type="cond" truecount="2" falsecount="0"/>
      <line num="6" count="10" type="stmt"/>
      <line num="8" count="21" type="stmt"/>
      <line num="12" count="1" type="stmt"/>
      <line num="21" count="13" type="stmt"/>
      <line num="22" count="13" type="stmt"/>
      <line num="23" count="13" type="stmt"/>
      <line num="25" count="1" type="stmt"/>
      <line num="26" count="13" type="cond" truecount="2" falsecount="0"/>
      <line num="27" count="6" type="stmt"/>
      <line num="29" count="7" type="stmt"/>
      <line num="31" count="1" type="stmt"/>
      <line num="32" count="18" type="stmt"/>
      <line num="33" count="18" type="stmt"/>
      <line num="35" count="1" type="stmt"/>
      <line num="37" count="1" type="stmt"/>
      <line num="41" count="9" type="stmt"/>
      <line num="43" count="1" type="stmt"/>
      <line num="44" count="5" type="stmt"/>
      <line num="45" count="5" type="stmt"/>
      <line num="47" count="1" type="stmt"/>
      <line num="48" count="9" type="stmt"/>
      <line num="50" count="1" type="stmt"/>
      <line num="52" count="1" type="stmt"/>
      <line num="53" count="9" type="stmt"/>
      <line num="56" count="1" type="stmt"/>
      <line num="60" count="4" type="stmt"/>
      <line num="62" count="1" type="stmt"/>
      <line num="63" count="4" type="stmt"/>
      <line num="65" count="1" type="stmt"/>
      <line num="67" count="1" type="stmt"/>
      <line num="68" count="4" type="stmt"/>
      <line num="71" count="1" type="stmt"/>
      <line num="75" count="6" type="stmt"/>
      <line num="76" count="6" type="stmt"/>
      <line num="78" count="1" type="stmt"/>
      <line num="79" count="22" type="cond" truecount="2" falsecount="0"/>
      <line num="80" count="16" type="cond" truecount="2" falsecount="0"/>
      <line num="81" count="2" type="stmt"/>
      <line num="84" count="6" type="cond" truecount="2" falsecount="0"/>
      <line num="85" count="2" type="stmt"/>
      <line num="88" count="22" type="stmt"/>
      <line num="90" count="1" type="stmt"/>
      <line num="91" count="6" type="cond" truecount="2" falsecount="0"/>
      <line num="92" count="4" type="stmt"/>
      <line num="94" count="2" type="stmt"/>
      <line num="96" count="1" type="stmt"/>
      <line num="98" count="1" type="stmt"/>
      <line num="99" count="6" type="stmt"/>
    </file>
  </project>
</coverage>
