{"/home/richey/Projects/quando/src/index.ts": {"path":"/home/richey/Projects/quando/src/index.ts","statementMap":{"0":{"start":{"line":5,"column":2},"end":{"line":9,"column":null}},"1":{"start":{"line":6,"column":4},"end":{"line":6,"column":20}},"2":{"start":{"line":8,"column":4},"end":{"line":8,"column":18}},"3":{"start":{"line":12,"column":0},"end":{"line":12,"column":null}},"4":{"start":{"line":21,"column":4},"end":{"line":21,"column":45}},"5":{"start":{"line":22,"column":4},"end":{"line":22,"column":38}},"6":{"start":{"line":23,"column":4},"end":{"line":23,"column":50}},"7":{"start":{"line":25,"column":2},"end":{"line":30,"column":null}},"8":{"start":{"line":26,"column":4},"end":{"line":28,"column":null}},"9":{"start":{"line":27,"column":6},"end":{"line":27,"column":25}},"10":{"start":{"line":29,"column":4},"end":{"line":29,"column":42}},"11":{"start":{"line":31,"column":2},"end":{"line":34,"column":null}},"12":{"start":{"line":32,"column":4},"end":{"line":32,"column":31}},"13":{"start":{"line":33,"column":4},"end":{"line":33,"column":43}},"14":{"start":{"line":35,"column":0},"end":{"line":35,"column":null}},"15":{"start":{"line":37,"column":0},"end":{"line":37,"column":null}},"16":{"start":{"line":41,"column":4},"end":{"line":41,"column":33}},"17":{"start":{"line":43,"column":2},"end":{"line":46,"column":null}},"18":{"start":{"line":44,"column":4},"end":{"line":44,"column":52}},"19":{"start":{"line":45,"column":4},"end":{"line":45,"column":16}},"20":{"start":{"line":47,"column":2},"end":{"line":49,"column":null}},"21":{"start":{"line":48,"column":4},"end":{"line":48,"column":45}},"22":{"start":{"line":50,"column":0},"end":{"line":50,"column":null}},"23":{"start":{"line":53,"column":2},"end":{"line":53,"column":74}},"24":{"start":{"line":52,"column":0},"end":{"line":52,"column":16}},"25":{"start":{"line":56,"column":0},"end":{"line":56,"column":null}},"26":{"start":{"line":60,"column":4},"end":{"line":60,"column":33}},"27":{"start":{"line":62,"column":2},"end":{"line":64,"column":null}},"28":{"start":{"line":63,"column":4},"end":{"line":63,"column":45}},"29":{"start":{"line":65,"column":0},"end":{"line":65,"column":null}},"30":{"start":{"line":68,"column":2},"end":{"line":68,"column":77}},"31":{"start":{"line":67,"column":0},"end":{"line":67,"column":16}},"32":{"start":{"line":71,"column":0},"end":{"line":71,"column":null}},"33":{"start":{"line":75,"column":4},"end":{"line":75,"column":31}},"34":{"start":{"line":76,"column":4},"end":{"line":76,"column":28}},"35":{"start":{"line":78,"column":2},"end":{"line":89,"column":null}},"36":{"start":{"line":79,"column":4},"end":{"line":87,"column":null}},"37":{"start":{"line":80,"column":6},"end":{"line":82,"column":null}},"38":{"start":{"line":81,"column":8},"end":{"line":81,"column":47}},"39":{"start":{"line":84,"column":6},"end":{"line":86,"column":null}},"40":{"start":{"line":85,"column":8},"end":{"line":85,"column":47}},"41":{"start":{"line":88,"column":4},"end":{"line":88,"column":16}},"42":{"start":{"line":90,"column":2},"end":{"line":95,"column":null}},"43":{"start":{"line":91,"column":4},"end":{"line":93,"column":null}},"44":{"start":{"line":92,"column":6},"end":{"line":92,"column":25}},"45":{"start":{"line":94,"column":4},"end":{"line":94,"column":42}},"46":{"start":{"line":96,"column":0},"end":{"line":96,"column":null}},"47":{"start":{"line":99,"column":2},"end":{"line":99,"column":45}},"48":{"start":{"line":98,"column":0},"end":{"line":98,"column":16}}},"fnMap":{"0":{"name":"extractResult","decl":{"start":{"line":4,"column":9},"end":{"line":4,"column":22}},"loc":{"start":{"line":4,"column":48},"end":{"line":10,"column":1}}},"1":{"name":"(anonymous_1)","decl":{"start":{"line":12,"column":0},"end":{"line":12,"column":null}},"loc":{"start":{"line":12,"column":0},"end":{"line":35,"column":null}}},"2":{"name":"Controller","decl":{"start":{"line":16,"column":2},"end":{"line":16,"column":null}},"loc":{"start":{"line":19,"column":26},"end":{"line":24,"column":3}}},"3":{"name":"(anonymous_3)","decl":{"start":{"line":25,"column":2},"end":{"line":25,"column":5}},"loc":{"start":{"line":25,"column":35},"end":{"line":30,"column":3}}},"4":{"name":"(anonymous_4)","decl":{"start":{"line":31,"column":2},"end":{"line":31,"column":14}},"loc":{"start":{"line":31,"column":57},"end":{"line":34,"column":3}}},"5":{"name":"(anonymous_5)","decl":{"start":{"line":37,"column":0},"end":{"line":37,"column":null}},"loc":{"start":{"line":37,"column":0},"end":{"line":50,"column":null}}},"6":{"name":"WhenCondition","decl":{"start":{"line":40,"column":2},"end":{"line":40,"column":14}},"loc":{"start":{"line":40,"column":39},"end":{"line":42,"column":3}}},"7":{"name":"(anonymous_7)","decl":{"start":{"line":43,"column":2},"end":{"line":43,"column":10}},"loc":{"start":{"line":43,"column":53},"end":{"line":46,"column":3}}},"8":{"name":"(anonymous_8)","decl":{"start":{"line":47,"column":2},"end":{"line":47,"column":5}},"loc":{"start":{"line":47,"column":35},"end":{"line":49,"column":3}}},"9":{"name":"When","decl":{"start":{"line":52,"column":16},"end":{"line":52,"column":20}},"loc":{"start":{"line":52,"column":67},"end":{"line":54,"column":1}}},"10":{"name":"(anonymous_10)","decl":{"start":{"line":56,"column":0},"end":{"line":56,"column":null}},"loc":{"start":{"line":56,"column":0},"end":{"line":65,"column":null}}},"11":{"name":"UnlessCondition","decl":{"start":{"line":59,"column":2},"end":{"line":59,"column":14}},"loc":{"start":{"line":59,"column":39},"end":{"line":61,"column":3}}},"12":{"name":"(anonymous_12)","decl":{"start":{"line":62,"column":2},"end":{"line":62,"column":5}},"loc":{"start":{"line":62,"column":35},"end":{"line":64,"column":3}}},"13":{"name":"Unless","decl":{"start":{"line":67,"column":16},"end":{"line":67,"column":22}},"loc":{"start":{"line":67,"column":68},"end":{"line":69,"column":1}}},"14":{"name":"(anonymous_14)","decl":{"start":{"line":71,"column":0},"end":{"line":71,"column":null}},"loc":{"start":{"line":71,"column":0},"end":{"line":96,"column":null}}},"15":{"name":"MatchCondition","decl":{"start":{"line":74,"column":2},"end":{"line":74,"column":14}},"loc":{"start":{"line":74,"column":26},"end":{"line":77,"column":3}}},"16":{"name":"(anonymous_16)","decl":{"start":{"line":78,"column":2},"end":{"line":78,"column":7}},"loc":{"start":{"line":78,"column":76},"end":{"line":89,"column":3}}},"17":{"name":"(anonymous_17)","decl":{"start":{"line":90,"column":2},"end":{"line":90,"column":5}},"loc":{"start":{"line":90,"column":46},"end":{"line":95,"column":3}}},"18":{"name":"Match","decl":{"start":{"line":98,"column":16},"end":{"line":98,"column":21}},"loc":{"start":{"line":98,"column":40},"end":{"line":100,"column":1}}}},"branchMap":{"0":{"loc":{"start":{"line":5,"column":2},"end":{"line":9,"column":null}},"type":"if","locations":[{"start":{"line":5,"column":2},"end":{"line":9,"column":null}},{"start":{"line":5,"column":2},"end":{"line":9,"column":null}}]},"1":{"loc":{"start":{"line":26,"column":4},"end":{"line":28,"column":null}},"type":"if","locations":[{"start":{"line":26,"column":4},"end":{"line":28,"column":null}},{"start":{"line":26,"column":4},"end":{"line":28,"column":null}}]},"2":{"loc":{"start":{"line":79,"column":4},"end":{"line":87,"column":null}},"type":"if","locations":[{"start":{"line":79,"column":4},"end":{"line":87,"column":null}},{"start":{"line":79,"column":4},"end":{"line":87,"column":null}}]},"3":{"loc":{"start":{"line":80,"column":6},"end":{"line":82,"column":null}},"type":"if","locations":[{"start":{"line":80,"column":6},"end":{"line":82,"column":null}},{"start":{"line":80,"column":6},"end":{"line":82,"column":null}}]},"4":{"loc":{"start":{"line":84,"column":6},"end":{"line":86,"column":null}},"type":"if","locations":[{"start":{"line":84,"column":6},"end":{"line":86,"column":null}},{"start":{"line":84,"column":6},"end":{"line":86,"column":null}}]},"5":{"loc":{"start":{"line":91,"column":4},"end":{"line":93,"column":null}},"type":"if","locations":[{"start":{"line":91,"column":4},"end":{"line":93,"column":null}},{"start":{"line":91,"column":4},"end":{"line":93,"column":null}}]}},"s":{"0":31,"1":10,"2":21,"3":1,"4":13,"5":13,"6":13,"7":1,"8":13,"9":6,"10":7,"11":1,"12":18,"13":18,"14":1,"15":1,"16":9,"17":1,"18":5,"19":5,"20":1,"21":9,"22":1,"23":9,"24":1,"25":1,"26":4,"27":1,"28":4,"29":1,"30":4,"31":1,"32":1,"33":6,"34":6,"35":1,"36":22,"37":16,"38":2,"39":6,"40":2,"41":22,"42":1,"43":6,"44":4,"45":2,"46":1,"47":6,"48":1},"f":{"0":31,"1":1,"2":13,"3":13,"4":18,"5":1,"6":9,"7":5,"8":9,"9":9,"10":1,"11":4,"12":4,"13":4,"14":1,"15":6,"16":22,"17":6,"18":6},"b":{"0":[10,21],"1":[6,7],"2":[16,6],"3":[2,14],"4":[2,4],"5":[4,2]}}
}
