TN:
SF:src/index.ts
FN:4,extractResult
FN:12,(anonymous_1)
FN:16,Controller
FN:25,(anonymous_3)
FN:31,(anonymous_4)
FN:37,(anonymous_5)
FN:40,WhenCondition
FN:43,(anonymous_7)
FN:47,(anonymous_8)
FN:52,When
FN:56,(anonymous_10)
FN:59,UnlessCondition
FN:62,(anonymous_12)
FN:67,Unless
FN:71,(anonymous_14)
FN:74,MatchCondition
FN:78,(anonymous_16)
FN:90,(anonymous_17)
FN:98,Match
FNF:19
FNH:19
FNDA:31,extractResult
FNDA:1,(anonymous_1)
FNDA:13,Controller
FNDA:13,(anonymous_3)
FNDA:18,(anonymous_4)
FNDA:1,(anonymous_5)
FNDA:9,WhenCondition
FNDA:5,(anonymous_7)
FNDA:9,(anonymous_8)
FNDA:9,When
FNDA:1,(anonymous_10)
FNDA:4,UnlessCondition
FNDA:4,(anonymous_12)
FNDA:4,Unless
FNDA:1,(anonymous_14)
FNDA:6,MatchCondition
FNDA:22,(anonymous_16)
FNDA:6,(anonymous_17)
FNDA:6,Match
DA:5,31
DA:6,10
DA:8,21
DA:12,1
DA:21,13
DA:22,13
DA:23,13
DA:25,1
DA:26,13
DA:27,6
DA:29,7
DA:31,1
DA:32,18
DA:33,18
DA:35,1
DA:37,1
DA:41,9
DA:43,1
DA:44,5
DA:45,5
DA:47,1
DA:48,9
DA:50,1
DA:52,1
DA:53,9
DA:56,1
DA:60,4
DA:62,1
DA:63,4
DA:65,1
DA:67,1
DA:68,4
DA:71,1
DA:75,6
DA:76,6
DA:78,1
DA:79,22
DA:80,16
DA:81,2
DA:84,6
DA:85,2
DA:88,22
DA:90,1
DA:91,6
DA:92,4
DA:94,2
DA:96,1
DA:98,1
DA:99,6
LF:49
LH:49
BRDA:5,0,0,10
BRDA:5,0,1,21
BRDA:26,1,0,6
BRDA:26,1,1,7
BRDA:79,2,0,16
BRDA:79,2,1,6
BRDA:80,3,0,2
BRDA:80,3,1,14
BRDA:84,4,0,2
BRDA:84,4,1,4
BRDA:91,5,0,4
BRDA:91,5,1,2
BRF:12
BRH:12
end_of_record
